<?xml version="1.0" encoding="UTF-8" ?>
<testsuite tests="9" failures="0" name="test3.BookSearchTest" time="0.006" errors="0" skipped="0">
  <properties>
[...]
</properties>
  <testcase classname="场景: 根据发布年限找图书" name="假如有一本书叫&apos;三国演义&apos;,作者是&apos;罗贯中&apos;,发布于20130314" time="0.002"/>
  <testcase classname="场景: 根据发布年限找图书" name="同时另外一本书叫&apos;水浒传&apos;,作者是&apos;施耐庵&apos;,发布于20140823" time="0.001"/>
  <testcase classname="场景: 根据发布年限找图书" name="同时另外一本书叫&apos;西游记&apos;,作者是&apos;吴承恩&apos;,发布于20130101" time="0"/>
  <testcase classname="场景: 根据发布年限找图书" name="当客户搜索发布于2013年和2014年的图书时" time="0"/>
  <testcase classname="场景: 根据发布年限找图书" name="那么能找到3本书" time="0"/>
  <testcase classname="场景: 根据发布年限找图书" name="并且第1本书叫&apos;三国演义&apos;" time="0"/>
  <testcase classname="场景: 根据发布年限找图书" name="并且第2本书叫&apos;水浒传&apos;" time="0"/>
  <testcase classname="场景: 根据发布年限找图书" name="并且第3本书叫&apos;西游记&apos;" time="0"/>
  <testcase classname="场景: 根据发布年限找图书" name="场景: 根据发布年限找图书" time="0.003"/>
</testsuite>